                      :-) GROMACS - gmx mdrun, 2019.4 (-:

                            GROMACS is written by:
     Emile Apol      Rossen Apostolov      Paul Bauer     Herman J.C. Berendsen
    Par Bjelkmar      Christian Blau   Viacheslav Bolnykh     Kevin Boyd    
 Aldert van Buuren   Rudi van Drunen     Anton Feenstra       Alan Gray     
  Gerrit Groenhof     Anca Hamuraru    Vincent Hindriksen  M. Eric Irrgang  
  Aleksei Iupinov   Christoph Junghans     Joe Jordan     Dimitrios Karkoulis
    Peter Kasson        Jiri Kraus      Carsten Kutzner      Per Larsson    
  Justin A. Lemkul    Viveca Lindahl    Magnus Lundborg     Erik Marklund   
    Pascal Merz     Pieter Meulenhoff    Teemu Murtola       Szilard Pall   
    Sander Pronk      Roland Schulz      Michael Shirts    Alexey Shvetsov  
   Alfons Sijbers     Peter Tieleman      Jon Vincent      Teemu Virolainen 
 Christian Wennberg    Maarten Wolf   
                           and the project leaders:
        Mark Abraham, Berk Hess, Erik Lindahl, and David van der Spoel

Copyright (c) 1991-2000, University of Groningen, The Netherlands.
Copyright (c) 2001-2018, The GROMACS development team at
Uppsala University, Stockholm University and
the Royal Institute of Technology, Sweden.
check out http://www.gromacs.org for more information.

GROMACS is free software; you can redistribute it and/or modify it
under the terms of the GNU Lesser General Public License
as published by the Free Software Foundation; either version 2.1
of the License, or (at your option) any later version.

GROMACS:      gmx mdrun, version 2019.4
Executable:   /home/sgotla/programs/bin/gmx_mpi
Data prefix:  /home/sgotla/programs
Working dir:  /home/sgotla/chitosan/chitosan_amyloid_self-assembly/example_system
Process ID:   8890
Command line:
  gmx_mpi mdrun -s md/md.tpr -deffnm md/md -v -nsteps 1000

GROMACS version:    2019.4
Precision:          single
Memory model:       64 bit
MPI library:        MPI
OpenMP support:     enabled (GMX_OPENMP_MAX_THREADS = 64)
GPU support:        disabled
SIMD instructions:  AVX2_256
FFT library:        fftw-3.3.8-sse2-avx-avx2-avx2_128-avx512
RDTSCP usage:       enabled
TNG support:        enabled
Hwloc support:      hwloc-1.11.9
Tracing support:    disabled
C compiler:         /usr/bin/cc GNU 7.5.0
C compiler flags:    -mavx2 -mfma  -pthread    -O3 -DNDEBUG -funroll-all-loops -fexcess-precision=fast  
C++ compiler:       /usr/bin/c++ GNU 7.5.0
C++ compiler flags:  -mavx2 -mfma  -pthread   -std=c++11   -O3 -DNDEBUG -funroll-all-loops -fexcess-precision=fast  


Running on 1 node with total 6 cores, 12 logical cores
Hardware detected on host haleiwa (the node of MPI rank 0):
  CPU info:
    Vendor: Intel
    Brand:  Intel(R) Core(TM) i7-8700 CPU @ 3.20GHz
    Family: 6   Model: 158   Stepping: 10
    Features: aes apic avx avx2 clfsh cmov cx8 cx16 f16c fma hle htt intel lahf mmx msr nonstop_tsc pcid pclmuldq pdcm pdpe1gb popcnt pse rdrnd rdtscp rtm sse2 sse3 sse4.1 sse4.2 ssse3 tdt x2apic
  Hardware topology: Full, with devices
    Sockets, cores, and logical processors:
      Socket  0: [   0   6] [   1   7] [   2   8] [   3   9] [   4  10] [   5  11]
    Numa nodes:
      Node  0 (33551671296 bytes mem):   0   1   2   3   4   5   6   7   8   9  10  11
      Latency:
               0
         0  1.00
    Caches:
      L1: 32768 bytes, linesize 64 bytes, assoc. 8, shared 2 ways
      L2: 262144 bytes, linesize 64 bytes, assoc. 4, shared 2 ways
      L3: 12582912 bytes, linesize 64 bytes, assoc. 16, shared 12 ways
    PCI devices:
      0000:01:00.0  Id: 10de:1bb1  Class: 0x0300  Numa: 0
      0000:00:02.0  Id: 8086:3e92  Class: 0x0300  Numa: 0
      0000:00:17.0  Id: 8086:a352  Class: 0x0106  Numa: 0
      0000:02:00.0  Id: 1179:0116  Class: 0x0108  Numa: 0
      0000:00:1f.6  Id: 8086:15bb  Class: 0x0200  Numa: 0


++++ PLEASE READ AND CITE THE FOLLOWING REFERENCE ++++
M. J. Abraham, T. Murtola, R. Schulz, S. Páll, J. C. Smith, B. Hess, E.
Lindahl
GROMACS: High performance molecular simulations through multi-level
parallelism from laptops to supercomputers
SoftwareX 1 (2015) pp. 19-25
-------- -------- --- Thank You --- -------- --------


++++ PLEASE READ AND CITE THE FOLLOWING REFERENCE ++++
S. Páll, M. J. Abraham, C. Kutzner, B. Hess, E. Lindahl
Tackling Exascale Software Challenges in Molecular Dynamics Simulations with
GROMACS
In S. Markidis & E. Laure (Eds.), Solving Software Challenges for Exascale 8759 (2015) pp. 3-27
-------- -------- --- Thank You --- -------- --------


++++ PLEASE READ AND CITE THE FOLLOWING REFERENCE ++++
S. Pronk, S. Páll, R. Schulz, P. Larsson, P. Bjelkmar, R. Apostolov, M. R.
Shirts, J. C. Smith, P. M. Kasson, D. van der Spoel, B. Hess, and E. Lindahl
GROMACS 4.5: a high-throughput and highly parallel open source molecular
simulation toolkit
Bioinformatics 29 (2013) pp. 845-54
-------- -------- --- Thank You --- -------- --------


++++ PLEASE READ AND CITE THE FOLLOWING REFERENCE ++++
B. Hess and C. Kutzner and D. van der Spoel and E. Lindahl
GROMACS 4: Algorithms for highly efficient, load-balanced, and scalable
molecular simulation
J. Chem. Theory Comput. 4 (2008) pp. 435-447
-------- -------- --- Thank You --- -------- --------


++++ PLEASE READ AND CITE THE FOLLOWING REFERENCE ++++
D. van der Spoel, E. Lindahl, B. Hess, G. Groenhof, A. E. Mark and H. J. C.
Berendsen
GROMACS: Fast, Flexible and Free
J. Comp. Chem. 26 (2005) pp. 1701-1719
-------- -------- --- Thank You --- -------- --------


++++ PLEASE READ AND CITE THE FOLLOWING REFERENCE ++++
E. Lindahl and B. Hess and D. van der Spoel
GROMACS 3.0: A package for molecular simulation and trajectory analysis
J. Mol. Mod. 7 (2001) pp. 306-317
-------- -------- --- Thank You --- -------- --------


++++ PLEASE READ AND CITE THE FOLLOWING REFERENCE ++++
H. J. C. Berendsen, D. van der Spoel and R. van Drunen
GROMACS: A message-passing parallel molecular dynamics implementation
Comp. Phys. Comm. 91 (1995) pp. 43-56
-------- -------- --- Thank You --- -------- --------


++++ PLEASE CITE THE DOI FOR THIS VERSION OF GROMACS ++++
https://doi.org/10.5281/zenodo.3460414
-------- -------- --- Thank You --- -------- --------

Input Parameters:
   integrator                     = md
   tinit                          = 0
   dt                             = 0.01
   nsteps                         = 70000000
   init-step                      = 0
   simulation-part                = 1
   comm-mode                      = Linear
   nstcomm                        = 100
   bd-fric                        = 0
   ld-seed                        = 319346396
   emtol                          = 10
   emstep                         = 0.01
   niter                          = 20
   fcstep                         = 0
   nstcgsteep                     = 1000
   nbfgscorr                      = 10
   rtpi                           = 0.05
   nstxout                        = 100000
   nstvout                        = 100000
   nstfout                        = 100000
   nstlog                         = 1000
   nstcalcenergy                  = 100
   nstenergy                      = 1000
   nstxout-compressed             = 10000
   compressed-x-precision         = 200
   cutoff-scheme                  = Group
   nstlist                        = 10
   ns-type                        = Grid
   pbc                            = xyz
   periodic-molecules             = false
   verlet-buffer-tolerance        = 0.005
   rlist                          = 1.6
   coulombtype                    = PME
   coulomb-modifier               = None
   rcoulomb-switch                = 0
   rcoulomb                       = 1.6
   epsilon-r                      = 2.5
   epsilon-rf                     = inf
   vdw-type                       = Cut-off
   vdw-modifier                   = Force-switch
   rvdw-switch                    = 0.9
   rvdw                           = 1.2
   DispCorr                       = No
   table-extension                = 1
   fourierspacing                 = 0.12
   fourier-nx                     = 160
   fourier-ny                     = 160
   fourier-nz                     = 160
   pme-order                      = 4
   ewald-rtol                     = 1e-05
   ewald-rtol-lj                  = 0.001
   lj-pme-comb-rule               = Geometric
   ewald-geometry                 = 0
   epsilon-surface                = 0
   tcoupl                         = Nose-Hoover
   nsttcouple                     = 1
   nh-chain-length                = 1
   print-nose-hoover-chain-variables = false
   pcoupl                         = Parrinello-Rahman
   pcoupltype                     = Isotropic
   nstpcouple                     = 1
   tau-p                          = 5
   compressibility (3x3):
      compressibility[    0]={ 3.50000e-05,  0.00000e+00,  0.00000e+00}
      compressibility[    1]={ 0.00000e+00,  3.50000e-05,  0.00000e+00}
      compressibility[    2]={ 0.00000e+00,  0.00000e+00,  3.50000e-05}
   ref-p (3x3):
      ref-p[    0]={ 1.00000e+00,  0.00000e+00,  0.00000e+00}
      ref-p[    1]={ 0.00000e+00,  1.00000e+00,  0.00000e+00}
      ref-p[    2]={ 0.00000e+00,  0.00000e+00,  1.00000e+00}
   refcoord-scaling               = COM
   posres-com (3):
      posres-com[0]= 0.00000e+00
      posres-com[1]= 0.00000e+00
      posres-com[2]= 0.00000e+00
   posres-comB (3):
      posres-comB[0]= 0.00000e+00
      posres-comB[1]= 0.00000e+00
      posres-comB[2]= 0.00000e+00
   QMMM                           = false
   QMconstraints                  = 0
   QMMMscheme                     = 0
   MMChargeScaleFactor            = 1
qm-opts:
   ngQM                           = 0
   constraint-algorithm           = Lincs
   continuation                   = false
   Shake-SOR                      = false
   shake-tol                      = 0.0001
   lincs-order                    = 4
   lincs-iter                     = 1
   lincs-warnangle                = 30
   nwall                          = 0
   wall-type                      = 9-3
   wall-r-linpot                  = -1
   wall-atomtype[0]               = -1
   wall-atomtype[1]               = -1
   wall-density[0]                = 0
   wall-density[1]                = 0
   wall-ewald-zfac                = 3
   pull                           = false
   awh                            = false
   rotation                       = false
   interactiveMD                  = false
   disre                          = No
   disre-weighting                = Conservative
   disre-mixed                    = false
   dr-fc                          = 1000
   dr-tau                         = 0
   nstdisreout                    = 100
   orire-fc                       = 0
   orire-tau                      = 0
   nstorireout                    = 100
   free-energy                    = no
   cos-acceleration               = 0
   deform (3x3):
      deform[    0]={ 0.00000e+00,  0.00000e+00,  0.00000e+00}
      deform[    1]={ 0.00000e+00,  0.00000e+00,  0.00000e+00}
      deform[    2]={ 0.00000e+00,  0.00000e+00,  0.00000e+00}
   simulated-tempering            = false
   swapcoords                     = no
   userint1                       = 0
   userint2                       = 0
   userint3                       = 0
   userint4                       = 0
   userreal1                      = 0
   userreal2                      = 0
   userreal3                      = 0
   userreal4                      = 0
   applied-forces:
     electric-field:
       x:
         E0                       = 0
         omega                    = 0
         t0                       = 0
         sigma                    = 0
       y:
         E0                       = 0
         omega                    = 0
         t0                       = 0
         sigma                    = 0
       z:
         E0                       = 0
         omega                    = 0
         t0                       = 0
         sigma                    = 0
grpopts:
   nrdf:      9839.9      288674
   ref-t:         300         300
   tau-t:           1           1
annealing:          No          No
annealing-npoints:           0           0
   acc:	           0           0           0
   nfreeze:           N           N           N
   energygrp-flags[  0]: 0

The -nsteps functionality is deprecated, and may be removed in a future version. Consider using gmx convert-tpr -nsteps or changing the appropriate .mdp file field.

Overriding nsteps with value passed on the command line: 1000 steps, 10 ps

Initializing Domain Decomposition on 6 ranks
Dynamic load balancing: locked
Minimum cell size due to atom displacement: 0.225 nm
Initial maximum distances in bonded interactions:
    two-body bonded interactions: 1.576 nm, Exclusion, atoms 29 38
  multi-body bonded interactions: 1.062 nm, Angle, atoms 131 137
Minimum cell size due to bonded interactions: 1.168 nm
Using 0 separate PME ranks, as there are too few total
 ranks for efficient splitting
Scaling the initial minimum size with 1/0.8 (option -dds) = 1.25
Optimizing the DD grid for 6 cells with a minimum initial size of 1.460 nm
The maximum allowed number of cells is: X 12 Y 12 Z 12
Domain decomposition grid 6 x 1 x 1, separate PME ranks 0
PME domain decomposition: 6 x 1 x 1
Domain decomposition rank 0, coordinates 0 0 0

The initial number of communication pulses is: X 1
The initial domain decomposition cell size is: X 2.99 nm

The maximum allowed distance for charge groups involved in interactions is:
                 non-bonded interactions           1.600 nm
(the following are initial values, they could change due to box deformation)
            two-body bonded interactions  (-rdd)   1.600 nm
          multi-body bonded interactions  (-rdd)   1.600 nm

When dynamic load balancing gets turned on, these settings will change to:
The maximum number of communication pulses is: X 1
The minimum size for domain decomposition cells is 1.600 nm
The requested allowed shrink of DD cells (option -dds) is: 0.80
The allowed shrink of domain decomposition cells is: X 0.53
The maximum allowed distance for charge groups involved in interactions is:
                 non-bonded interactions           1.600 nm
            two-body bonded interactions  (-rdd)   1.600 nm
          multi-body bonded interactions  (-rdd)   1.600 nm

Using 6 MPI processes

Pinning threads with an auto-selected logical core stride of 2

NOTE: This file uses the deprecated 'group' cutoff_scheme. This will be
removed in a future release when 'verlet' supports all interaction forms.

System total charge: 0.000
Will do PME sum in reciprocal space for electrostatic interactions.

++++ PLEASE READ AND CITE THE FOLLOWING REFERENCE ++++
U. Essmann, L. Perera, M. L. Berkowitz, T. Darden, H. Lee and L. G. Pedersen 
A smooth particle mesh Ewald method
J. Chem. Phys. 103 (1995) pp. 8577-8592
-------- -------- --- Thank You --- -------- --------

Using a Gaussian width (1/beta) of 0.51226 nm for Ewald
Potential shift: LJ r^-12: -3.715e-01 r^-6: -6.593e-01, Ewald -0.000e+00
Initialized non-bonded Ewald correction tables, spacing: 1.18e-03 size: 2205

Table routines are used for coulomb: false
Table routines are used for vdw:     true
Cut-off's:   NS: 1.6   Coulomb: 1.6   LJ: 1.2
Generated table with 1300 data points for Ewald.
Tabscale = 500 points/nm
Generated table with 1300 data points for LJ6Shift.
Tabscale = 500 points/nm
Generated table with 1300 data points for LJ12Shift.
Tabscale = 500 points/nm
Generated table with 1300 data points for 1-4 COUL.
Tabscale = 500 points/nm
Generated table with 1300 data points for 1-4 LJ6.
Tabscale = 500 points/nm
Generated table with 1300 data points for 1-4 LJ12.
Tabscale = 500 points/nm

Removing pbc first time

Initializing LINear Constraint Solver

++++ PLEASE READ AND CITE THE FOLLOWING REFERENCE ++++
B. Hess and H. Bekker and H. J. C. Berendsen and J. G. E. M. Fraaije
LINCS: A Linear Constraint Solver for molecular simulations
J. Comp. Chem. 18 (1997) pp. 1463-1472
-------- -------- --- Thank You --- -------- --------

The number of constraints is 82474

Linking all bonded interactions to atoms
There are 11336 inter charge-group exclusions,
will use an extra communication step for exclusion forces for PME

Intra-simulation communication will occur every 1 steps.
Center of mass motion removal mode is Linear
We have the following groups for center of mass motion removal:
  0:  System
There are: 126997 Atoms
Atom distribution over 6 domains: av 21166 stddev 208 min 20940 max 21412
Grid: 5 x 16 x 16 cells

Constraining the starting coordinates (step 0)

Constraining the coordinates at t0-dt (step 0)
RMS relative constraint deviation after constraining: 2.87e-05
Initial temperature: 328.21 K

Started mdrun on rank 0 Thu Mar  2 13:04:39 2023

           Step           Time
              0        0.00000


   Energies (kJ/mol)
           Bond          Angle       G96Angle    Proper Dih.          LJ-14
    8.15305e+03    4.48572e+02    1.46252e+05    1.29662e+02    0.00000e+00
     Coulomb-14        LJ (SR)   Coulomb (SR)   Coul. recip.      Potential
    0.00000e+00   -7.14623e+05   -4.66974e+05   -6.54330e+04   -1.09205e+06
    Kinetic En.   Total Energy  Conserved En.    Temperature Pressure (bar)
    4.08693e+05   -6.83354e+05   -6.82853e+05    3.29328e+02   -4.18136e+02
   Constr. rmsd
    2.71953e-05


DD  step 9 load imb.: force  1.8%

DD  step 999 load imb.: force 21.6%

step 1000 Turning on dynamic load balancing, because the performance loss due to load imbalance is 3.3 %.
           Step           Time
           1000       10.00000

Writing checkpoint, step 1000 at Thu Mar  2 13:05:56 2023


   Energies (kJ/mol)
           Bond          Angle       G96Angle    Proper Dih.          LJ-14
    8.50839e+03    3.41734e+02    1.60410e+05    1.45580e+02    0.00000e+00
     Coulomb-14        LJ (SR)   Coulomb (SR)   Coul. recip.      Potential
    0.00000e+00   -8.42634e+05   -5.45507e+05   -7.15118e+04   -1.29025e+06
    Kinetic En.   Total Energy  Conserved En.    Temperature Pressure (bar)
    3.72666e+05   -9.17581e+05   -6.81516e+05    3.00297e+02    4.23297e+01
   Constr. rmsd
    2.49488e-05

	<======  ###############  ==>
	<====  A V E R A G E S  ====>
	<==  ###############  ======>

	Statistics over 1001 steps using 11 frames

   Energies (kJ/mol)
           Bond          Angle       G96Angle    Proper Dih.          LJ-14
    8.39385e+03    3.60974e+02    1.58587e+05    1.42797e+02    0.00000e+00
     Coulomb-14        LJ (SR)   Coulomb (SR)   Coul. recip.      Potential
    0.00000e+00   -8.12814e+05   -5.36053e+05   -7.08195e+04   -1.25220e+06
    Kinetic En.   Total Energy  Conserved En.    Temperature Pressure (bar)
    3.76071e+05   -8.76132e+05   -6.82225e+05    3.03041e+02   -2.68723e+01
   Constr. rmsd
    0.00000e+00

          Box-X          Box-Y          Box-Z
    1.71877e+01    1.71877e+01    1.71877e+01

   Total Virial (kJ/mol)
    1.32261e+05   -8.98002e+01   -6.80530e+02
   -8.98352e+01    1.32474e+05    1.64439e+03
   -6.80543e+02    1.64437e+03    1.35949e+05

   Pressure (bar)
   -1.91268e+01    6.42160e-01    5.21870e+00
    6.42467e-01   -1.89867e+01   -1.07764e+01
    5.21873e+00   -1.07763e+01   -4.25035e+01

      T-Protein      T-Solvent
    3.09233e+02    3.02829e+02


	M E G A - F L O P S   A C C O U N T I N G

 NB=Group-cutoff nonbonded kernels    NxN=N-by-N cluster Verlet kernels
 RF=Reaction-Field  VdW=Van der Waals  QSTab=quadratic-spline table
 W3=SPC/TIP3p  W4=TIP4p (single or pairs)
 V&F=Potential and force  V=Potential only  F=Force only

 Computing:                               M-Number         M-Flops  % Flops
-----------------------------------------------------------------------------
 NB VdW [V&F]                          9962.977463        9962.977     0.3
 NB VdW [F]                          773524.111572      773524.112    22.9
 NB VdW & Elec. [V&F]                 16084.922623       16084.923     0.5
 NB VdW & Elec. [F]                 1013339.964693     1013339.965    30.0
 1,4 nonbonded interactions               2.402400         216.216     0.0
 Calc Weights                           381.371991       13729.392     0.4
 Spread Q Bspline                      8135.935808       16271.872     0.5
 Gather F Bspline                      8135.935808       48815.615     1.4
 3D-FFT                              180123.647704     1440989.182    42.6
 Solve PME                               25.625600        1640.038     0.0
 NS-Pairs                              1007.032059       21147.673     0.6
 Reset In Box                             4.426123          13.278     0.0
 CG-CoM                                  12.953694          38.861     0.0
 Bonds                                    3.181178         187.690     0.0
 Angles                                  43.228185        7262.335     0.2
 Propers                                  0.174174          39.886     0.0
 Virial                                 127.394267        2293.097     0.1
 Stop-CM                                  1.523964          15.240     0.0
 Calc-Ekin                              127.250994        3435.777     0.1
 Lincs                                   82.721422        4963.285     0.1
 Lincs-Mat                              496.328532        1985.314     0.1
 Constraint-V                           165.277896        1322.223     0.0
 Constraint-Vir                          82.556474        1981.355     0.1
-----------------------------------------------------------------------------
 Total                                                 3379260.305   100.0
-----------------------------------------------------------------------------


    D O M A I N   D E C O M P O S I T I O N   S T A T I S T I C S

 av. #atoms communicated per step for force:  2 x 71007.0


Dynamic load balancing report:
 DLB was turned on during the run due to measured imbalance.
 Average load imbalance: 9.9%.
 The balanceable part of the MD step is 33%, load imbalance is computed from this.
 Part of the total run time spent waiting due to load imbalance: 3.3%.
 Steps where the load balancing was limited by -rdd, -rcon and/or -dds: X 0 %


     R E A L   C Y C L E   A N D   T I M E   A C C O U N T I N G

On 6 MPI ranks

 Computing:          Num   Num      Call    Wall time         Giga-Cycles
                     Ranks Threads  Count      (s)         total sum    %
-----------------------------------------------------------------------------
 Domain decomp.         6    1        101       0.449          8.598   0.6
 DD comm. load          6    1         12       0.000          0.001   0.0
 DD comm. bounds        6    1          1       0.000          0.000   0.0
 Neighbor search        6    1        101       3.391         64.953   4.3
 Comm. coord.           6    1       1001       0.112          2.138   0.1
 Force                  6    1       1001      29.142        558.115  37.3
 Wait + Comm. F         6    1       2002       0.347          6.649   0.4
 PME mesh               6    1       1001      42.447        812.934  54.3
 Write traj.            6    1          2       0.094          1.808   0.1
 Update                 6    1       1001       0.351          6.718   0.4
 Constraints            6    1       1003       0.841         16.116   1.1
 Comm. energies         6    1       1001       0.674         12.903   0.9
 Rest                                           0.334          6.401   0.4
-----------------------------------------------------------------------------
 Total                                         78.182       1497.337 100.0
-----------------------------------------------------------------------------
 Breakdown of PME mesh computation
-----------------------------------------------------------------------------
 PME redist. X/F        6    1       2002       4.597         88.035   5.9
 PME spread             6    1       1001       5.667        108.525   7.2
 PME gather             6    1       1001       3.758         71.982   4.8
 PME 3D-FFT             6    1       2002      19.731        377.881  25.2
 PME 3D-FFT Comm.       6    1       2002       4.746         90.892   6.1
 PME solve Elec         6    1       1001       3.940         75.449   5.0
-----------------------------------------------------------------------------

               Core t (s)   Wall t (s)        (%)
       Time:      469.092       78.182      600.0
                 (ns/day)    (hour/ns)
Performance:       11.062        2.170
Finished mdrun on rank 0 Thu Mar  2 13:05:57 2023

